[2021-12-18T14:30:36.942] [ERROR] error - MongoBulkWriteError: E11000 duplicate key error collection: ecommerce.productos index: code_1 dup key: { code: null }
    at OrderedBulkOperation.handleWriteError (E:\CODERHOUSE\4_backend\desafiosGitHub\nodeServer\node_modules\mongodb\lib\bulk\common.js:879:22)
    at resultHandler (E:\CODERHOUSE\4_backend\desafiosGitHub\nodeServer\node_modules\mongodb\lib\bulk\common.js:397:27)
    at E:\CODERHOUSE\4_backend\desafiosGitHub\nodeServer\node_modules\mongodb\lib\utils.js:532:9
    at E:\CODERHOUSE\4_backend\desafiosGitHub\nodeServer\node_modules\mongodb\lib\operations\execute_operation.js:50:17
    at callbackWithRetry (E:\CODERHOUSE\4_backend\desafiosGitHub\nodeServer\node_modules\mongodb\lib\operations\execute_operation.js:81:20)
    at E:\CODERHOUSE\4_backend\desafiosGitHub\nodeServer\node_modules\mongodb\lib\cmap\connection_pool.js:272:25
    at handleOperationResult (E:\CODERHOUSE\4_backend\desafiosGitHub\nodeServer\node_modules\mongodb\lib\sdam\server.js:363:9)
    at MessageStream.messageHandler (E:\CODERHOUSE\4_backend\desafiosGitHub\nodeServer\node_modules\mongodb\lib\cmap\connection.js:479:9)
    at MessageStream.emit (events.js:315:20)
    at processIncomingData (E:\CODERHOUSE\4_backend\desafiosGitHub\nodeServer\node_modules\mongodb\lib\cmap\message_stream.js:108:16) {
  code: 11000,
  writeErrors: [ WriteError { err: [Object] } ],
  result: BulkWriteResult {
    result: {
      ok: 1,
      writeErrors: [Array],
      writeConcernErrors: [],
      insertedIds: [Array],
      nInserted: 0,
      nUpserted: 0,
      nMatched: 0,
      nModified: 0,
      nRemoved: 0,
      upserted: [],
      opTime: [Object]
    }
  },
  insertedDocs: []
}
[2021-12-18T14:43:52.335] [ERROR] error - MongoBulkWriteError: E11000 duplicate key error collection: ecommerce.productos index: code_1 dup key: { code: "axios" }
    at OrderedBulkOperation.handleWriteError (E:\CODERHOUSE\4_backend\desafiosGitHub\nodeServer\node_modules\mongodb\lib\bulk\common.js:879:22)
    at resultHandler (E:\CODERHOUSE\4_backend\desafiosGitHub\nodeServer\node_modules\mongodb\lib\bulk\common.js:397:27)
    at E:\CODERHOUSE\4_backend\desafiosGitHub\nodeServer\node_modules\mongodb\lib\utils.js:532:9
    at E:\CODERHOUSE\4_backend\desafiosGitHub\nodeServer\node_modules\mongodb\lib\operations\execute_operation.js:50:17
    at callbackWithRetry (E:\CODERHOUSE\4_backend\desafiosGitHub\nodeServer\node_modules\mongodb\lib\operations\execute_operation.js:81:20)
    at E:\CODERHOUSE\4_backend\desafiosGitHub\nodeServer\node_modules\mongodb\lib\cmap\connection_pool.js:272:25
    at handleOperationResult (E:\CODERHOUSE\4_backend\desafiosGitHub\nodeServer\node_modules\mongodb\lib\sdam\server.js:363:9)
    at MessageStream.messageHandler (E:\CODERHOUSE\4_backend\desafiosGitHub\nodeServer\node_modules\mongodb\lib\cmap\connection.js:479:9)
    at MessageStream.emit (events.js:315:20)
    at processIncomingData (E:\CODERHOUSE\4_backend\desafiosGitHub\nodeServer\node_modules\mongodb\lib\cmap\message_stream.js:108:16) {
  code: 11000,
  writeErrors: [ WriteError { err: [Object] } ],
  result: BulkWriteResult {
    result: {
      ok: 1,
      writeErrors: [Array],
      writeConcernErrors: [],
      insertedIds: [Array],
      nInserted: 0,
      nUpserted: 0,
      nMatched: 0,
      nModified: 0,
      nRemoved: 0,
      upserted: [],
      opTime: [Object]
    }
  },
  insertedDocs: []
}
