[2021-11-24T21:46:01.899] [WARN] warn - {
  accepted: [ 'guillelf@gmail.com' ],
  rejected: [],
  envelopeTime: 822,
  messageTime: 311,
  messageSize: 881,
  response: '250 Accepted [STATUS=new MSGID=YZvPNVRmZgO2J-EaYZ7cyxd0XQjLxKMyAAAAGLRcZGSoGRq3ESmgusnr5lo]',
  envelope: { from: '', to: [ 'guillelf@gmail.com' ] },
  messageId: '<a79fa16e-40b4-f487-f966-edbedfd24155@GUILLE_PC>'
}
[2021-11-25T15:13:23.794] [WARN] warn - Orden Agregada [{"productos":[{"quantity":1,"producto":{"title":"Hamburguesa","code":"2ad3s487","price":645,"stock":100},"total":645},{"quantity":1,"producto":{"title":"Papas fritas","code":"a3268bff","price":200,"stock":50},"total":200}],"orderTotal":845}]
[2021-11-25T15:15:37.626] [WARN] warn - Orden Agregada [{"productos":[{"quantity":2,"producto":{"title":"Papas fritas","code":"a3268bff","price":200,"stock":50},"total":400}],"orderTotal":400}]
[2021-11-25T15:19:15.157] [WARN] warn - Orden Agregada [{"productos":[{"quantity":1,"producto":{"title":"Birra","code":"EF37boMz","price":250,"stock":1000},"total":250},{"quantity":1,"producto":{"title":"Papas fritas","code":"a3268bff","price":200,"stock":50},"total":200},{"quantity":1,"producto":{"title":"Hamburguesa","code":"2ad3s487","price":645,"stock":100},"total":645}],"orderTotal":1095}]
[2021-11-25T20:58:44.585] [WARN] warn - Orden Agregada [{"productos":[{"quantity":1,"producto":{"title":"Hamburguesa","code":"2ad3s487","price":645,"stock":100},"total":645},{"quantity":1,"producto":{"title":"Birra","code":"EF37boMz","price":250,"stock":1000},"total":250}],"orderTotal":895}]
[2021-11-25T21:00:34.045] [WARN] warn - Orden Agregada [ { productos: [ [Object] ], orderTotal: 250 } ]
[2021-11-25T21:13:45.706] [WARN] warn - Orden Agregada [{"productos":[{"quantity":1,"producto":{"title":"Papas fritas","code":"a3268bff","price":200,"stock":50},"total":200},{"quantity":1,"producto":{"title":"Hamburguesa","code":"2ad3s487","price":645,"stock":100},"total":645},{"quantity":1,"producto":{"title":"Birra","code":"EF37boMz","price":250,"stock":1000},"total":250}],"orderTotal":1095}]
[2021-11-25T21:15:05.214] [WARN] warn - Orden Agregada [{"productos":[{"quantity":2,"producto":{"title":"Birra","code":"EF37boMz","price":250,"stock":1000},"total":500},{"quantity":1,"producto":{"title":"Hamburguesa","code":"2ad3s487","price":645,"stock":100},"total":645}],"orderTotal":1145}]
[2021-11-25T21:15:26.938] [WARN] warn - Orden Agregada [{"productos":[{"quantity":1,"producto":{"title":"Birra","code":"EF37boMz","price":250,"stock":1000},"total":250},{"quantity":1,"producto":{"title":"Hamburguesa","code":"2ad3s487","price":645,"stock":100},"total":645},{"quantity":1,"producto":{"title":"Papas fritas","code":"a3268bff","price":200,"stock":50},"total":200}],"orderTotal":1095}]
[2021-11-25T21:15:59.275] [WARN] warn - Orden Agregada [{"productos":[{"quantity":1,"producto":{"title":"Birra","code":"EF37boMz","price":250,"stock":1000},"total":250},{"quantity":1,"producto":{"title":"Hamburguesa","code":"2ad3s487","price":645,"stock":100},"total":645},{"quantity":1,"producto":{"title":"Papas fritas","code":"a3268bff","price":200,"stock":50},"total":200}],"orderTotal":1095}]
[2021-11-25T21:19:22.883] [WARN] warn - Orden Agregada [{"productos":[{"quantity":1,"producto":{"title":"Birra","code":"EF37boMz","price":250,"stock":1000},"total":250},{"quantity":1,"producto":{"title":"Hamburguesa","code":"2ad3s487","price":645,"stock":100},"total":645},{"quantity":1,"producto":{"title":"Papas fritas","code":"a3268bff","price":200,"stock":50},"total":200}],"orderTotal":1095}]
[2021-11-25T21:25:05.463] [WARN] warn - Orden Agregada [{"productos":[{"quantity":2,"producto":{"title":"Birra","code":"EF37boMz","price":250,"stock":1000},"total":500},{"quantity":1,"producto":{"title":"Hamburguesa","code":"2ad3s487","price":645,"stock":100},"total":645}],"orderTotal":1145}]
[2021-11-25T21:25:47.857] [WARN] warn - Orden Agregada [{"productos":[{"quantity":2,"producto":{"title":"Birra","code":"EF37boMz","price":250,"stock":1000},"total":500},{"quantity":1,"producto":{"title":"Hamburguesa","code":"2ad3s487","price":645,"stock":100},"total":645}],"orderTotal":1145}]
[2021-11-25T21:26:21.764] [WARN] warn - Orden Agregada [{"productos":[{"quantity":1,"producto":{"title":"Birra","code":"EF37boMz","price":250,"stock":1000},"total":250},{"quantity":2,"producto":{"title":"Hamburguesa","code":"2ad3s487","price":645,"stock":100},"total":1290}],"orderTotal":1540}]
[2021-11-25T21:27:05.743] [WARN] warn - Orden Agregada [{"productos":[{"quantity":1,"producto":{"title":"Birra","code":"EF37boMz","price":250,"stock":1000},"total":250},{"quantity":1,"producto":{"title":"Hamburguesa","code":"2ad3s487","price":645,"stock":100},"total":645}],"orderTotal":895}]
[2021-11-25T21:30:30.842] [WARN] warn - Orden Agregada [{"productos":[{"quantity":3,"producto":{"title":"Papas fritas","code":"a3268bff","price":200,"stock":50},"total":600},{"quantity":2,"producto":{"title":"Hamburguesa","code":"2ad3s487","price":645,"stock":100},"total":1290},{"quantity":6,"producto":{"title":"Birra","code":"EF37boMz","price":250,"stock":1000},"total":1500}],"orderTotal":3390}]
[2021-11-25T21:31:35.334] [WARN] warn - Orden Agregada [{"productos":[{"quantity":1,"producto":{"title":"Birra","code":"EF37boMz","price":250,"stock":1000},"total":250},{"quantity":2,"producto":{"title":"Hamburguesa","code":"2ad3s487","price":645,"stock":100},"total":1290},{"quantity":1,"producto":{"title":"Cookie","code":"0303456%","price":120,"stock":100},"total":120}],"orderTotal":1660}]
[2021-11-25T21:35:44.802] [WARN] warn - Orden Agregada [{"productos":[{"quantity":1,"producto":{"title":"Birra","code":"EF37boMz","price":250,"stock":1000},"total":250},{"quantity":1,"producto":{"title":"Hamburguesa","code":"2ad3s487","price":645,"stock":100},"total":645},{"quantity":1,"producto":{"title":"Papas fritas","code":"a3268bff","price":200,"stock":50},"total":200}],"orderTotal":1095}]
[2021-11-25T21:38:26.906] [WARN] warn - Orden Agregada [{"productos":[{"quantity":1,"producto":{"title":"Papas fritas","code":"a3268bff","price":200,"stock":50},"total":200},{"quantity":1,"producto":{"title":"Hamburguesa","code":"2ad3s487","price":645,"stock":100},"total":645},{"quantity":1,"producto":{"title":"Birra","code":"EF37boMz","price":250,"stock":1000},"total":250},{"quantity":2,"producto":{"title":"Cafe negro","code":"kd34F$9z","price":80,"stock":150},"total":160},{"quantity":2,"producto":{"title":"Cookie","code":"0303456%","price":120,"stock":100},"total":240},{"quantity":1,"producto":{"title":"Helado","code":"4r2z3h#/","price":250,"stock":250},"total":250},{"quantity":1,"producto":{"title":"Bife de chorizo","code":"030as8#/","price":1200,"stock":100},"total":1200}],"orderTotal":2945}]
[2021-11-25T21:43:08.720] [WARN] warn - Orden Agregada [{"productos":[{"quantity":2,"producto":{"title":"Papas fritas","code":"a3268bff","price":200,"stock":50},"total":400},{"quantity":4,"producto":{"title":"Hamburguesa","code":"2ad3s487","price":645,"stock":100},"total":2580},{"quantity":4,"producto":{"title":"Birra","code":"EF37boMz","price":250,"stock":1000},"total":1000}],"orderTotal":3980}]
[2021-11-25T22:01:20.458] [WARN] warn - Orden Agregada [{"productos":[{"quantity":3,"producto":{"title":"Birra","code":"EF37boMz","price":250,"stock":1000},"total":750},{"quantity":2,"producto":{"title":"Hamburguesa","code":"2ad3s487","price":645,"stock":100},"total":1290},{"quantity":1,"producto":{"title":"Papas fritas","code":"a3268bff","price":200,"stock":50},"total":200}],"orderTotal":2240}]
[2021-11-25T22:04:29.349] [WARN] warn - Orden Agregada [{"productos":[{"quantity":3,"producto":{"title":"Papas fritas","code":"a3268bff","price":200,"stock":50},"total":600},{"quantity":1,"producto":{"title":"Hamburguesa","code":"2ad3s487","price":645,"stock":100},"total":645}],"orderTotal":1245}]
[2021-11-25T22:06:35.979] [WARN] warn - Orden Agregada [{"productos":[{"quantity":1,"producto":{"title":"Hamburguesa","code":"2ad3s487","price":645,"stock":100},"total":645},{"quantity":1,"producto":{"title":"Birra","code":"EF37boMz","price":250,"stock":1000},"total":250},{"quantity":1,"producto":{"title":"Papas fritas","code":"a3268bff","price":200,"stock":50},"total":200}],"orderTotal":1095}]
[2021-11-25T22:13:56.459] [WARN] warn - Orden Agregada [{"_id":"61a034d46281be0ccc04398c","productos":[{"quantity":1,"producto":{"title":"Birra","code":"EF37boMz","price":250,"stock":1000},"total":250}],"orderTotal":250}]
[2021-11-25T22:14:33.093] [WARN] warn - Orden Agregada [{"_id":"61a034f8ca9f2e25bc5a2f58","productos":[{"quantity":1,"producto":{"title":"Hamburguesa","code":"2ad3s487","price":645,"stock":100},"total":645}],"orderTotal":645}]
[2021-11-25T22:17:12.246] [WARN] warn - Orden Agregada [{"_id":"61a03598d4eccab6fa5b67ce","productos":[{"quantity":2,"producto":{"title":"Birra","code":"EF37boMz","price":250,"stock":1000},"total":500}],"orderTotal":500}]
[2021-11-25T22:18:00.667] [WARN] warn - Orden Agregada [{"_id":"61a035c8734f1afb07048748","productos":[{"quantity":2,"producto":{"title":"Birra","code":"EF37boMz","price":250,"stock":1000},"total":500}],"orderTotal":500}]
[2021-11-25T22:19:40.477] [WARN] warn - Orden Agregada [{"_id":"61a0362c9ec51169cf1bda67","productos":[{"quantity":1,"producto":{"title":"Birra","code":"EF37boMz","price":250,"stock":1000},"total":250}],"orderTotal":250}]
[2021-11-25T22:22:55.980] [WARN] warn - Orden Agregada [{"_id":"61a036ef57a08a13746da890","productos":[{"quantity":1,"producto":{"title":"Birra","code":"EF37boMz","price":250,"stock":1000},"total":250}],"orderTotal":250}]
[2021-11-25T22:25:20.563] [WARN] warn - Orden Agregada [{"_id":"61a0378024069ef025b8436f","productos":[{"quantity":1,"producto":{"title":"Hamburguesa","code":"2ad3s487","price":645,"stock":100},"total":645},{"quantity":1,"producto":{"title":"Birra","code":"EF37boMz","price":250,"stock":1000},"total":250}],"orderTotal":895}]
[2021-11-25T22:26:01.358] [WARN] warn - Orden Agregada [{"_id":"61a037a97e4b06753844d51f","productos":[{"quantity":1,"producto":{"title":"Papas fritas","code":"a3268bff","price":200,"stock":50},"total":200},{"quantity":1,"producto":{"title":"Hamburguesa","code":"2ad3s487","price":645,"stock":100},"total":645},{"quantity":1,"producto":{"title":"Birra","code":"EF37boMz","price":250,"stock":1000},"total":250}],"orderTotal":1095}]
[2021-11-25T22:26:32.850] [WARN] warn - Orden Agregada [{"_id":"61a037c81a719db264daa0f5","productos":[{"quantity":1,"producto":{"title":"Birra","code":"EF37boMz","price":250,"stock":1000},"total":250}],"orderTotal":250}]
[2021-11-25T22:50:42.473] [WARN] warn - Orden Agregada [{"_id":"61a03d72d7ac9dc18f716f79","productos":[{"quantity":2,"producto":{"title":"Bife de chorizo","code":"030as8#/","price":1200,"stock":100},"total":2400},{"quantity":2,"producto":{"title":"Birra","code":"EF37boMz","price":250,"stock":1000},"total":500}],"orderTotal":2900}]
[2021-11-25T22:54:43.156] [WARN] warn - Orden Agregada [{"_id":"61a03e62b56b21862d7540c3","productos":[{"quantity":1,"producto":{"title":"Birra","code":"EF37boMz","price":250,"stock":1000},"total":250}],"orderTotal":250}]
[2021-11-25T22:55:53.229] [WARN] warn - Orden Agregada [{"_id":"61a03ea910dc751f706ff8c5","productos":[{"quantity":1,"producto":{"title":"Hamburguesa","code":"2ad3s487","price":645,"stock":100},"total":645}],"orderTotal":645}]
[2021-11-25T22:56:57.401] [WARN] warn - Orden Agregada [{"_id":"61a03ee9102bf7b4b6100982","productos":[{"quantity":2,"producto":{"title":"Birra","code":"EF37boMz","price":250,"stock":1000},"total":500}],"orderTotal":500}]
[2021-11-25T22:58:34.162] [WARN] warn - Orden Agregada [{"_id":"61a03f4ad63112651dc513c5","productos":[{"quantity":2,"producto":{"title":"Birra","code":"EF37boMz","price":250,"stock":1000},"total":500}],"orderTotal":500}]
[2021-11-25T23:06:44.352] [WARN] warn - Orden Agregada [{"_id":"61a041341406892018e04112","productos":[{"quantity":3,"producto":{"title":"Birra","code":"EF37boMz","price":250,"stock":1000},"total":750},{"quantity":1,"producto":{"title":"Hamburguesa","code":"2ad3s487","price":645,"stock":100},"total":645},{"quantity":1,"producto":{"title":"Papas fritas","code":"a3268bff","price":200,"stock":50},"total":200}],"orderTotal":1595}]
[2021-11-25T23:09:17.560] [WARN] warn - Orden Agregada [{"_id":"61a041cd07a89e0bc1c04cef","productos":[{"quantity":2,"producto":{"title":"Fried chicken","code":"q763dfñ0","price":650,"stock":100},"total":1300},{"quantity":2,"producto":{"title":"Hamburguesa","code":"2ad3s487","price":645,"stock":100},"total":1290},{"quantity":4,"producto":{"title":"Birra","code":"EF37boMz","price":250,"stock":1000},"total":1000}],"orderTotal":3590}]
[2021-11-25T23:14:55.708] [WARN] warn - Orden Agregada [{"_id":"61a0431f7245732386fc1d56","productos":[{"quantity":4,"producto":{"title":"Birra","code":"EF37boMz","price":250,"stock":1000},"total":1000},{"quantity":2,"producto":{"title":"Hamburguesa","code":"2ad3s487","price":645,"stock":100},"total":1290},{"quantity":2,"producto":{"title":"Papas fritas","code":"a3268bff","price":200,"stock":50},"total":400}],"orderTotal":2690}]
[2021-11-25T23:17:38.117] [WARN] warn - Orden Agregada [{"_id":"61a043c1d1e8422a628a126e","productos":[{"quantity":2,"producto":{"title":"Hamburguesa","code":"2ad3s487","price":645,"stock":100},"total":1290}],"orderTotal":1290}]
[2021-11-25T23:22:17.572] [WARN] warn - Orden Agregada [{"_id":"61a044d9d1e8422a628a128b","productos":[{"quantity":2,"producto":{"title":"Birra","code":"EF37boMz","price":250,"stock":1000},"total":500}],"orderTotal":500}]
[2021-11-25T23:26:56.514] [WARN] warn - {
  accepted: [ 'guillelf@gmail.com' ],
  rejected: [],
  envelopeTime: 849,
  messageTime: 303,
  messageSize: 864,
  response: '250 Accepted [STATUS=new MSGID=YZvPNVRmZgO2J-EaYaBF88RAgwiuI5WAAAAALO7nm8ZuPmdmVxJOgVUyJOM]',
  envelope: { from: '', to: [ 'guillelf@gmail.com' ] },
  messageId: '<fde23b60-da28-8960-ee85-5d9640022c5c@GUILLE_PC>'
}
[2021-11-25T23:28:24.240] [WARN] warn - Orden Agregada [{"_id":"61a0464800fe6281363dc081","productos":[{"quantity":1,"producto":{"title":"Birra","code":"EF37boMz","price":250,"stock":1000},"total":250},{"quantity":1,"producto":{"title":"Hamburguesa","code":"2ad3s487","price":645,"stock":100},"total":645},{"quantity":2,"producto":{"title":"Papas fritas","code":"a3268bff","price":200,"stock":50},"total":400}],"orderTotal":1295}]
[2021-11-25T23:30:04.544] [WARN] warn - Orden Agregada [{"_id":"61a046ac00fe6281363dc09a","productos":[{"quantity":1,"producto":{"title":"Birra","code":"EF37boMz","price":250,"stock":1000},"total":250}],"orderTotal":250}]
[2021-11-25T23:30:51.150] [WARN] warn - Orden Agregada [{"_id":"61a046da1a1863f296edbec8","productos":[{"quantity":1,"producto":{"title":"Hamburguesa","code":"2ad3s487","price":645,"stock":100},"total":645},{"quantity":1,"producto":{"title":"Birra","code":"EF37boMz","price":250,"stock":1000},"total":250}],"orderTotal":895}]
[2021-11-25T23:31:31.532] [WARN] warn - Orden Agregada [{"_id":"61a0470311dfa6f894a7a474","productos":[{"quantity":1,"producto":{"title":"Birra","code":"EF37boMz","price":250,"stock":1000},"total":250},{"quantity":1,"producto":{"title":"Hamburguesa","code":"2ad3s487","price":645,"stock":100},"total":645}],"orderTotal":895}]
[2021-11-25T23:36:09.733] [WARN] warn - Orden Agregada [{"_id":"61a04819f515bb51fbfc9087","productos":[{"quantity":2,"producto":{"title":"Birra","code":"EF37boMz","price":250,"stock":1000},"total":500},{"quantity":2,"producto":{"title":"Hamburguesa","code":"2ad3s487","price":645,"stock":100},"total":1290}],"orderTotal":1790}]
[2021-11-25T23:39:20.917] [WARN] warn - Orden Agregada [{"_id":"61a048d8f515bb51fbfc90ac","productos":[{"quantity":1,"producto":{"title":"Birra","code":"EF37boMz","price":250,"stock":1000},"total":250},{"quantity":1,"producto":{"title":"Hamburguesa","code":"2ad3s487","price":645,"stock":100},"total":645},{"quantity":1,"producto":{"title":"Papas fritas","code":"a3268bff","price":200,"stock":50},"total":200}],"orderTotal":1095}]
[2021-11-26T00:07:07.392] [WARN] warn - Orden Agregada [{"_id":"61a04f5bd6244f1e9dfc0b85","productos":[{"quantity":1,"producto":{"title":"Birra","code":"EF37boMz","price":250,"stock":1000},"total":250},{"quantity":1,"producto":{"title":"Hamburguesa","code":"2ad3s487","price":645,"stock":100},"total":645}],"orderTotal":895}]
[2021-11-26T00:08:20.211] [WARN] warn - Orden Agregada [{"_id":"61a04fa43eddfc57e3c679c6","productos":[{"quantity":1,"producto":{"title":"Birra","code":"EF37boMz","price":250,"stock":1000},"total":250},{"quantity":1,"producto":{"title":"Hamburguesa","code":"2ad3s487","price":645,"stock":100},"total":645}],"orderTotal":895}]
[2021-11-26T00:09:05.177] [WARN] warn - Orden Agregada [{"_id":"61a04fd13c48b89a518d1e10","productos":[{"quantity":1,"producto":{"title":"Hamburguesa","code":"2ad3s487","price":645,"stock":100},"total":645}],"orderTotal":645}]
[2021-11-26T00:12:12.997] [WARN] warn - Orden Agregada [{"_id":"61a0508c20d011b18915659b","productos":[{"quantity":1,"producto":{"title":"Birra","code":"EF37boMz","price":250,"stock":1000},"total":250},{"quantity":1,"producto":{"title":"Hamburguesa","code":"2ad3s487","price":645,"stock":100},"total":645},{"quantity":1,"producto":{"title":"Papas fritas","code":"a3268bff","price":200,"stock":50},"total":200}],"orderTotal":1095}]
[2021-11-26T00:19:20.804] [WARN] warn - Orden Agregada [{"_id":"61a05238a364b8a7f605d02f","productos":[{"quantity":1,"producto":{"title":"Hamburguesa","code":"2ad3s487","price":645,"stock":100},"total":645},{"quantity":1,"producto":{"title":"Birra","code":"EF37boMz","price":250,"stock":1000},"total":250},{"quantity":1,"producto":{"title":"Papas fritas","code":"a3268bff","price":200,"stock":50},"total":200}],"orderTotal":1095}]
[2021-11-26T00:20:45.806] [WARN] warn - Orden Agregada [{"_id":"61a0528d0e75c0409f12b62c","productos":[{"quantity":4,"producto":{"title":"Papas fritas","code":"a3268bff","price":200,"stock":50},"total":800},{"quantity":3,"producto":{"title":"Fried chicken","code":"q763dfñ0","price":650,"stock":100},"total":1950},{"quantity":3,"producto":{"title":"Comida japonesa","code":"sjer356%","price":800,"stock":100},"total":2400}],"orderTotal":5150}]
[2021-11-26T00:22:54.610] [WARN] warn - Orden Agregada [{"_id":"61a0530e45f4ea7ff6fee8ca","productos":[{"quantity":1,"producto":{"title":"Birra","code":"EF37boMz","price":250,"stock":1000},"total":250},{"quantity":1,"producto":{"title":"Hamburguesa","code":"2ad3s487","price":645,"stock":100},"total":645},{"quantity":2,"producto":{"title":"Cafe negro","code":"kd34F$9z","price":80,"stock":150},"total":160}],"orderTotal":1055}]
[2021-11-26T00:26:22.583] [WARN] warn - Orden Agregada [{"_id":"61a053de54266dc2e7b12b19","productos":[{"quantity":3,"producto":{"title":"Helado","code":"4r2z3h#/","price":250,"stock":250},"total":750}],"orderTotal":750}]
[2021-11-26T00:30:17.479] [WARN] warn - Orden Agregada [{"_id":"61a054c9e5a77f3b85234560","productos":[{"quantity":1,"producto":{"title":"Bife de chorizo","code":"030as8#/","price":1200,"stock":100},"total":1200},{"quantity":1,"producto":{"title":"Comida japonesa","code":"sjer356%","price":800,"stock":100},"total":800},{"quantity":1,"producto":{"title":"Helado","code":"4r2z3h#/","price":250,"stock":250},"total":250},{"quantity":1,"producto":{"title":"Birra","code":"EF37boMz","price":250,"stock":1000},"total":250}],"orderTotal":2500}]
[2021-11-30T11:10:22.423] [WARN] warn - Orden Agregada [{"_id":"61a630ced589492ebde7d49f","productos":[{"quantity":1,"producto":{"title":"Papas fritas","code":"a3268bff","price":200,"stock":50},"total":200}],"orderTotal":200}]
[2021-11-30T11:14:44.071] [WARN] warn - Orden Agregada [{"_id":"61a631d3ab186215642d6113","productos":[{"quantity":2,"producto":{"title":"Fried chicken","code":"q763dfñ0","price":650,"stock":100},"total":1300}],"orderTotal":1300}]
[2021-11-30T11:18:15.996] [WARN] warn - Orden Agregada [{"_id":"61a632a7c774376d514e4890","productos":[{"quantity":2,"producto":{"title":"Hamburguesa","code":"2ad3s487","price":645,"stock":100},"total":1290},{"quantity":1,"producto":{"title":"Birra","code":"EF37boMz","price":250,"stock":1000},"total":250}],"orderTotal":1540}]
[2021-11-30T11:20:27.269] [WARN] warn - Orden Agregada [{"_id":"61a6332bc774376d514e489e","productos":[{"quantity":1,"producto":{"title":"Papas fritas","code":"a3268bff","price":200,"stock":50},"total":200}],"orderTotal":200}]
[2021-11-30T11:21:27.123] [WARN] warn - Orden Agregada [{"_id":"61a633667a7a8257e706bb1c","productos":[{"quantity":2,"producto":{"title":"Hamburguesa","code":"2ad3s487","price":645,"stock":100},"total":1290}],"orderTotal":1290}]
[2021-11-30T11:22:40.776] [WARN] warn - Orden Agregada [{"_id":"61a633b07a7a8257e706bb37","productos":[{"quantity":2,"producto":{"title":"Papas fritas","code":"a3268bff","price":200,"stock":50},"total":400}],"orderTotal":400}]
[2021-11-30T11:53:43.524] [WARN] warn - Orden Agregada [{"_id":"61a63af7ef4ab1bfba0cf643","productos":[{"quantity":1,"producto":{"title":"Cookie","code":"0303456%","price":120,"stock":100},"total":120},{"quantity":1,"producto":{"title":"Fried chicken","code":"q763dfñ0","price":650,"stock":100},"total":650}],"orderTotal":770}]
[2021-11-30T12:23:24.406] [WARN] warn - Orden Agregada [{"_id":"61a641ec0158bd5925a1d81d","productos":[{"quantity":1,"producto":{"title":"Hamburguesa","code":"2ad3s487","price":645,"stock":100},"total":645},{"quantity":1,"producto":{"title":"Papas fritas","code":"a3268bff","price":200,"stock":50},"total":200},{"quantity":1,"producto":{"title":"Birra","code":"EF37boMz","price":250,"stock":1000},"total":250}],"orderTotal":1095}]
[2021-11-30T13:08:23.287] [WARN] warn - {
  accepted: [ 'guillelf@gmail.com' ],
  rejected: [],
  envelopeTime: 813,
  messageTime: 300,
  messageSize: 842,
  response: '250 Accepted [STATUS=new MSGID=YZvPNVRmZgO2J-EaYaZMecRAgwiuJUC0AAAARMB0j7.P8nttLaWCwJHSfqA]',
  envelope: { from: '', to: [ 'guillelf@gmail.com' ] },
  messageId: '<b737f57a-1ddb-14d7-ff2b-98a5b45e8927@GUILLE_PC>'
}
[2021-11-30T13:11:41.154] [WARN] warn - {
  accepted: [ 'guillelf@gmail.com' ],
  rejected: [],
  envelopeTime: 833,
  messageTime: 300,
  messageSize: 896,
  response: '250 Accepted [STATUS=new MSGID=YZvPNVRmZgO2J-EaYaZNPy68lwiwYl90AAAARV7MqI18RVqvp61.Sj2eGcs]',
  envelope: { from: '', to: [ 'guillelf@gmail.com' ] },
  messageId: '<233448f5-b3f0-8ef6-eeb1-94ff24c51012@GUILLE_PC>'
}
[2021-11-30T13:14:26.440] [WARN] warn - {
  accepted: [ 'guillelf@gmail.com' ],
  rejected: [],
  envelopeTime: 821,
  messageTime: 289,
  messageSize: 896,
  response: '250 Accepted [STATUS=new MSGID=YZvPNVRmZgO2J-EaYaZN5C68lwiwYl-5AAAARmIOu84Z8CzDd.595k6rLIE]',
  envelope: { from: '', to: [ 'guillelf@gmail.com' ] },
  messageId: '<3aecc5d2-58db-7fde-d695-b23a4f46641d@GUILLE_PC>'
}
[2021-11-30T13:20:21.443] [WARN] warn - {
  accepted: [ 'guillelf@gmail.com' ],
  rejected: [],
  envelopeTime: 815,
  messageTime: 292,
  messageSize: 905,
  response: '250 Accepted [STATUS=new MSGID=YZvPNVRmZgO2J-EaYaZPR-ZBfwi1srU4AAAAR8oULoXt4A983ZnTi73mYmY]',
  envelope: { from: '', to: [ 'guillelf@gmail.com' ] },
  messageId: '<4971da4d-689d-c099-2e64-24522fda8898@GUILLE_PC>'
}
[2021-11-30T13:20:56.461] [WARN] warn - Orden Agregada [{"_id":"61a64f68576ddd2535ac449e","productos":[{"quantity":2,"producto":{"title":"Hamburguesa","code":"2ad3s487","price":645,"stock":100},"total":1290}],"orderTotal":1290}]
[2021-12-08T20:39:00.713] [WARN] warn - Orden Agregada [{"_id":"61b142142757f2264ce19aeb","productos":[{"quantity":1,"producto":{"title":"Papas fritas","code":"a3268bff","price":200,"stock":50},"total":200},{"quantity":1,"producto":{"title":"Hamburguesas","code":"2ad3s487","price":640,"stock":95},"total":640},{"quantity":1,"producto":{"title":"Cafe negro","code":"kd34F$9z","price":80,"stock":150},"total":80},{"quantity":1,"producto":{"title":"Comida japonesa","code":"sjer356%","price":800,"stock":100},"total":800}],"orderTotal":1720}]
[2021-12-08T20:40:42.560] [WARN] warn - Orden Agregada [{"_id":"61b1427a2757f2264ce19b0f","productos":[{"quantity":2,"producto":{"title":"Hamburguesas","code":"2ad3s487","price":640,"stock":95},"total":1280},{"quantity":3,"producto":{"title":"Birra","code":"456dfer","price":250,"stock":1000},"total":750}],"orderTotal":2030}]
[2021-12-08T20:44:21.485] [WARN] warn - Orden Agregada [{"_id":"61b14355cda611afcd88c2c5","productos":[{"quantity":1,"producto":{"title":"Cafe negro","code":"kd34F$9z","price":80,"stock":150},"total":80},{"quantity":1,"producto":{"title":"Hamburguesas","code":"2ad3s487","price":640,"stock":95},"total":640},{"quantity":1,"producto":{"title":"Papas fritas","code":"a3268bff","price":200,"stock":50},"total":200},{"quantity":2,"producto":{"title":"Birra","code":"456dfer","price":250,"stock":1000},"total":500}],"orderTotal":1420}]
[2021-12-08T20:45:15.078] [WARN] warn - Orden Agregada [{"_id":"61b1438a960aaff7b47d59d6","productos":[{"quantity":1,"producto":{"title":"Papas fritas","code":"a3268bff","price":200,"stock":50},"total":200}],"orderTotal":200}]
[2021-12-08T20:45:56.277] [WARN] warn - Orden Agregada [{"_id":"61b143b4c190c707d2de24f4","productos":[{"quantity":1,"producto":{"title":"Hamburguesas","code":"2ad3s487","price":640,"stock":95},"total":640}],"orderTotal":640}]
[2021-12-08T20:46:20.093] [WARN] warn - Orden Agregada [{"_id":"61b143cba653e61e64c43bf3","productos":[{"quantity":2,"producto":{"title":"Hamburguesas","code":"2ad3s487","price":640,"stock":95},"total":1280}],"orderTotal":1280}]
[2021-12-08T20:47:25.577] [WARN] warn - Orden Agregada [{"_id":"61b1440d5e28d0023a46bed2","productos":[{"quantity":2,"producto":{"title":"Cafe negro","code":"kd34F$9z","price":80,"stock":150},"total":160},{"quantity":2,"producto":{"title":"Papas fritas","code":"a3268bff","price":200,"stock":50},"total":400}],"orderTotal":560}]
[2021-12-08T20:51:30.855] [WARN] warn - Orden Agregada [{"_id":"61b145028e5f83953be8c431","productos":[{"quantity":4,"producto":{"title":"Hamburguesas","code":"2ad3s487","price":640,"stock":95},"total":2560},{"quantity":1,"producto":{"title":"Papas fritas","code":"a3268bff","price":200,"stock":50},"total":200},{"quantity":1,"producto":{"title":"Cafe negro","code":"kd34F$9z","price":80,"stock":150},"total":80}],"orderTotal":2840}]
[2021-12-08T20:59:18.358] [WARN] warn - Orden Agregada [{"_id":"61b146d6a10cbbb6a9115f1b","productos":[{"quantity":1,"producto":{"title":"Fried chicken","code":"q763dfñ0","price":650,"stock":100},"total":650},{"quantity":1,"producto":{"title":"Cookie","code":"0303456%","price":120,"stock":100},"total":120}],"orderTotal":770}]
[2021-12-08T21:02:24.407] [WARN] warn - Orden Agregada [{"_id":"61b147901b6cca20fa4c2bd6","productos":[{"quantity":1,"producto":{"title":"Papas fritas","code":"a3268bff","price":200,"stock":50},"total":200}],"orderTotal":200}]
[2021-12-10T22:01:17.025] [WARN] warn - {
  accepted: [ 'guillelf@gmail.com' ],
  rejected: [],
  envelopeTime: 864,
  messageTime: 313,
  messageSize: 888,
  response: '250 Accepted [STATUS=new MSGID=YZvPNVRmZgO2J-EaYbP4ahR7NQio.yyKAAAAWQiD0WUY1p3RyznGjEsIJIM]',
  envelope: { from: '', to: [ 'guillelf@gmail.com' ] },
  messageId: '<2b17eabe-9bd9-833e-fa2d-b9589c44bccb@GUILLE_PC>'
}
[2021-12-10T22:09:33.388] [WARN] warn - {
  accepted: [ 'guillelf@gmail.com' ],
  rejected: [],
  envelopeTime: 851,
  messageTime: 302,
  messageSize: 905,
  response: '250 Accepted [STATUS=new MSGID=YZvPNVRmZgO2J-EaYbP6WqtKdgimBJoUAAAAWr0qiho8PYWg5f9ObXaSoMU]',
  envelope: { from: '', to: [ 'guillelf@gmail.com' ] },
  messageId: '<12bee183-8b28-c655-1024-89d1500fc0c5@GUILLE_PC>'
}
[2021-12-10T22:16:53.451] [WARN] warn - {
  accepted: [ 'guillelf@gmail.com' ],
  rejected: [],
  envelopeTime: 885,
  messageTime: 316,
  messageSize: 889,
  response: '250 Accepted [STATUS=new MSGID=YZvPNVRmZgO2J-EaYbP8EmjK3wi85rClAAAAW1wHqaOLfJUKYT.jJtdKIRE]',
  envelope: { from: '', to: [ 'guillelf@gmail.com' ] },
  messageId: '<a0b50c60-b041-68cb-4418-796d1174f38d@GUILLE_PC>'
}
